  Source.cpp
C:\Users\DYLAND\source\repos\Project10\Project10\Source.cpp(105,22): warning C4018: '<': no coinciden signed/unsigned
C:\Users\DYLAND\source\repos\Project10\Project10\Source.cpp(109,21): warning C4018: '<': no coinciden signed/unsigned
C:\Users\DYLAND\source\repos\Project10\Project10\Source.cpp(152,18): warning C4018: '<': no coinciden signed/unsigned
C:\Users\DYLAND\source\repos\Project10\Project10\Source.cpp(156,21): warning C4018: '<': no coinciden signed/unsigned
C:\Users\DYLAND\source\repos\Project10\Project10\Source.cpp(245,21): warning C4018: '<': no coinciden signed/unsigned
C:\Users\DYLAND\source\repos\Project10\Project10\Source.cpp(340,25): warning C4244: '=': conversión de 'int' a 'float'; posible pérdida de datos
C:\Users\DYLAND\source\repos\Project10\Project10\Source.cpp(341,24): warning C4244: 'argumento': conversión de 'float' a 'int'; posible pérdida de datos
C:\Users\DYLAND\source\repos\Project10\Project10\Source.cpp(342,30): warning C4244: '+=': conversión de 'double' a 'float'; posible pérdida de datos
C:\Users\DYLAND\source\repos\Project10\Project10\Source.cpp(350,22): warning C4244: '=': conversión de 'int' a 'float'; posible pérdida de datos
C:\Users\DYLAND\source\repos\Project10\Project10\Source.cpp(352,24): warning C4244: '+=': conversión de 'double' a 'float'; posible pérdida de datos
C:\Users\DYLAND\source\repos\Project10\Project10\Source.cpp(360,22): warning C4244: '=': conversión de 'int' a 'float'; posible pérdida de datos
C:\Users\DYLAND\source\repos\Project10\Project10\Source.cpp(361,24): warning C4244: 'argumento': conversión de 'float' a 'int'; posible pérdida de datos
C:\Users\DYLAND\source\repos\Project10\Project10\Source.cpp(362,22): warning C4244: '+=': conversión de 'double' a 'float'; posible pérdida de datos
C:\Users\DYLAND\source\repos\Project10\Project10\Source.cpp(368,22): warning C4244: '=': conversión de 'int' a 'float'; posible pérdida de datos
C:\Users\DYLAND\source\repos\Project10\Project10\Source.cpp(369,24): warning C4244: 'argumento': conversión de 'float' a 'int'; posible pérdida de datos
C:\Users\DYLAND\source\repos\Project10\Project10\Source.cpp(370,21): warning C4244: '+=': conversión de 'double' a 'float'; posible pérdida de datos
C:\Users\DYLAND\source\repos\Project10\Project10\Source.cpp(376,22): warning C4244: '=': conversión de 'int' a 'float'; posible pérdida de datos
C:\Users\DYLAND\source\repos\Project10\Project10\Source.cpp(377,24): warning C4244: 'argumento': conversión de 'float' a 'int'; posible pérdida de datos
C:\Users\DYLAND\source\repos\Project10\Project10\Source.cpp(378,21): warning C4244: '+=': conversión de 'double' a 'float'; posible pérdida de datos
C:\Users\DYLAND\source\repos\Project10\Project10\Source.cpp(383,22): warning C4244: '=': conversión de 'int' a 'float'; posible pérdida de datos
C:\Users\DYLAND\source\repos\Project10\Project10\Source.cpp(384,24): warning C4244: 'argumento': conversión de 'float' a 'int'; posible pérdida de datos
C:\Users\DYLAND\source\repos\Project10\Project10\Source.cpp(385,21): warning C4244: '+=': conversión de 'double' a 'float'; posible pérdida de datos
C:\Users\DYLAND\source\repos\Project10\Project10\Source.cpp(295,6): warning C4101: 'dia': variable local sin referencia
  Source.obj : se encontró un módulo MSIL; vinculación incremental deshabilitada para MSIL; ejecutando vínculo completo
  Project10.vcxproj -> C:\Users\DYLAND\source\repos\Project10\Debug\Project10.exe
