  MyForm.cpp
C:\Users\DYLAND\source\repos\Afianzamiento\Afianzamiento\MyForm.h(3,9): warning C4067: símbolos (token) inesperados después de la directiva del preprocesador; se esperaba una nueva línea
C:\Users\DYLAND\source\repos\Afianzamiento\Afianzamiento\Header.h(1,13): error C2059: error de sintaxis: '}'
C:\Users\DYLAND\source\repos\Afianzamiento\Afianzamiento\Header.h(1,13): error C2143: error de sintaxis: falta ';' delante de '}'
C:\Program Files (x86)\Microsoft Visual Studio\2019\Community\VC\Tools\MSVC\14.26.28801\include\cstdint(22,13): error C2039: "int8_t": no es un miembro de "`global namespace'"
C:\Program Files (x86)\Microsoft Visual Studio\2019\Community\VC\Tools\MSVC\14.26.28801\include\cstdint(22,1): error C2873: 'int8_t': el símbolo no se puede utilizar en una declaración using
C:\Program Files (x86)\Microsoft Visual Studio\2019\Community\VC\Tools\MSVC\14.26.28801\include\cstdint(56,17): error C2039: "int8_t": no es un miembro de "`global namespace'"
C:\Program Files (x86)\Microsoft Visual Studio\2019\Community\VC\Tools\MSVC\14.26.28801\include\cstdint(56,5): error C2873: 'int8_t': el símbolo no se puede utilizar en una declaración using
C:\Users\DYLAND\source\repos\Afianzamiento\Afianzamiento\Header.h(29,53): warning C4244: 'argumento': conversión de 'D' a 'int'; posible pérdida de datos
C:\Users\DYLAND\source\repos\Afianzamiento\Afianzamiento\Header.h(29,50): warning C4244: 'argumento': conversión de 'D' a 'int'; posible pérdida de datos
C:\Users\DYLAND\source\repos\Afianzamiento\Afianzamiento\MyForm.h(98,9): warning C4068: pragma desconocida
  Source.cpp
C:\Users\DYLAND\source\repos\Afianzamiento\Afianzamiento\MyForm.h(3,9): warning C4067: símbolos (token) inesperados después de la directiva del preprocesador; se esperaba una nueva línea
C:\Users\DYLAND\source\repos\Afianzamiento\Afianzamiento\Header.h(1,13): error C2059: error de sintaxis: '}'
C:\Users\DYLAND\source\repos\Afianzamiento\Afianzamiento\Header.h(1,13): error C2143: error de sintaxis: falta ';' delante de '}'
C:\Program Files (x86)\Microsoft Visual Studio\2019\Community\VC\Tools\MSVC\14.26.28801\include\cstdint(22,13): error C2039: "int8_t": no es un miembro de "`global namespace'"
C:\Program Files (x86)\Microsoft Visual Studio\2019\Community\VC\Tools\MSVC\14.26.28801\include\cstdint(22,1): error C2873: 'int8_t': el símbolo no se puede utilizar en una declaración using
C:\Program Files (x86)\Microsoft Visual Studio\2019\Community\VC\Tools\MSVC\14.26.28801\include\cstdint(56,17): error C2039: "int8_t": no es un miembro de "`global namespace'"
C:\Program Files (x86)\Microsoft Visual Studio\2019\Community\VC\Tools\MSVC\14.26.28801\include\cstdint(56,5): error C2873: 'int8_t': el símbolo no se puede utilizar en una declaración using
C:\Users\DYLAND\source\repos\Afianzamiento\Afianzamiento\Header.h(29,53): warning C4244: 'argumento': conversión de 'D' a 'int'; posible pérdida de datos
C:\Users\DYLAND\source\repos\Afianzamiento\Afianzamiento\Header.h(29,50): warning C4244: 'argumento': conversión de 'D' a 'int'; posible pérdida de datos
C:\Users\DYLAND\source\repos\Afianzamiento\Afianzamiento\MyForm.h(98,9): warning C4068: pragma desconocida
  Generando código...
